2020-12-14 15:05:16.651  INFO 11244 --- [restartedMain] c.m.p.PresentationLayerApplication       : Starting PresentationLayerApplication using Java 15 on macpro.local with PID 11244 (/Users/garrido/springSTS4/spring-mvc/PresentationLayer/target/classes started by garrido in /Users/garrido/springSTS4/spring-mvc/PresentationLayer)
2020-12-14 15:05:16.678  INFO 11244 --- [restartedMain] c.m.p.PresentationLayerApplication       : No active profile set, falling back to default profiles: default
2020-12-14 15:05:16.871  INFO 11244 --- [restartedMain] .e.DevToolsPropertyDefaultsPostProcessor : Devtools property defaults active! Set 'spring.devtools.add-properties' to 'false' to disable
2020-12-14 15:05:16.871  INFO 11244 --- [restartedMain] .e.DevToolsPropertyDefaultsPostProcessor : For additional web related logging consider setting the 'logging.level.web' property to 'DEBUG'
2020-12-14 15:05:18.577  INFO 11244 --- [restartedMain] o.s.b.w.embedded.tomcat.TomcatWebServer  : Tomcat initialized with port(s): 8080 (http)
2020-12-14 15:05:18.589  INFO 11244 --- [restartedMain] o.apache.catalina.core.StandardService   : Starting service [Tomcat]
2020-12-14 15:05:18.589  INFO 11244 --- [restartedMain] org.apache.catalina.core.StandardEngine  : Starting Servlet engine: [Apache Tomcat/9.0.39]
2020-12-14 15:05:18.676  INFO 11244 --- [restartedMain] o.a.c.c.C.[Tomcat].[localhost].[/]       : Initializing Spring embedded WebApplicationContext
2020-12-14 15:05:18.678  INFO 11244 --- [restartedMain] w.s.c.ServletWebServerApplicationContext : Root WebApplicationContext: initialization completed in 1804 ms
2020-12-14 15:05:18.923  INFO 11244 --- [restartedMain] c.m.p.security.SpringSecurityConfig      : ______now in global config
2020-12-14 15:05:19.142  INFO 11244 --- [restartedMain] o.s.s.concurrent.ThreadPoolTaskExecutor  : Initializing ExecutorService 'applicationTaskExecutor'
2020-12-14 15:05:19.251  INFO 11244 --- [restartedMain] o.s.b.a.w.s.WelcomePageHandlerMapping    : Adding welcome page template: index
2020-12-14 15:05:19.495  INFO 11244 --- [restartedMain] c.m.p.security.SpringSecurityConfig      : ______now in configure.
2020-12-14 15:05:19.535  INFO 11244 --- [restartedMain] o.s.s.web.DefaultSecurityFilterChain     : Will secure any request with [org.springframework.security.web.context.request.async.WebAsyncManagerIntegrationFilter@31a10eb1, org.springframework.security.web.context.SecurityContextPersistenceFilter@42e1c1e2, org.springframework.security.web.header.HeaderWriterFilter@56edac9d, org.springframework.security.web.csrf.CsrfFilter@114ee582, org.springframework.security.web.authentication.logout.LogoutFilter@1329c84a, org.springframework.security.web.authentication.UsernamePasswordAuthenticationFilter@17f6b32f, org.springframework.security.web.savedrequest.RequestCacheAwareFilter@7286f3c1, org.springframework.security.web.servletapi.SecurityContextHolderAwareRequestFilter@5801ab37, org.springframework.security.web.authentication.AnonymousAuthenticationFilter@4a5d7e73, org.springframework.security.web.session.SessionManagementFilter@1e97b3db, org.springframework.security.web.access.ExceptionTranslationFilter@1a1f5ab0, org.springframework.security.web.access.intercept.FilterSecurityInterceptor@12503f9]
2020-12-14 15:05:19.615  INFO 11244 --- [restartedMain] o.s.b.d.a.OptionalLiveReloadServer       : LiveReload server is running on port 35729
2020-12-14 15:05:19.705  INFO 11244 --- [restartedMain] o.s.b.w.embedded.tomcat.TomcatWebServer  : Tomcat started on port(s): 8080 (http) with context path ''
2020-12-14 15:05:19.722  INFO 11244 --- [restartedMain] c.m.p.PresentationLayerApplication       : Started PresentationLayerApplication in 3.634 seconds (JVM running for 5.372)
2020-12-14 15:06:34.491  INFO 11244 --- [http-nio-8080-exec-1] o.a.c.c.C.[Tomcat].[localhost].[/]       : Initializing Spring DispatcherServlet 'dispatcherServlet'
2020-12-14 15:06:34.493  INFO 11244 --- [http-nio-8080-exec-1] o.s.web.servlet.DispatcherServlet        : Initializing Servlet 'dispatcherServlet'
2020-12-14 15:06:34.495  INFO 11244 --- [http-nio-8080-exec-1] o.s.web.servlet.DispatcherServlet        : Completed initialization in 2 ms
2020-12-14 15:06:42.971  INFO 11244 --- [http-nio-8080-exec-4] c.m.p.controller.LoginController         : in login controller
2020-12-14 15:06:49.178  INFO 11244 --- [http-nio-8080-exec-8] c.m.p.controller.LoginController         : user: admin
2020-12-14 15:06:49.178  INFO 11244 --- [http-nio-8080-exec-8] c.m.p.controller.LoginController         : password: admin
2020-12-14 15:08:40.950  INFO 11244 --- [http-nio-8080-exec-7] c.m.p.controller.LoginController         : in login controller
2020-12-14 15:08:45.316  INFO 11244 --- [http-nio-8080-exec-9] c.m.p.controller.LoginController         : user: admin
2020-12-14 15:08:45.316  INFO 11244 --- [http-nio-8080-exec-9] c.m.p.controller.LoginController         : password: admin
2020-12-14 15:11:17.945  INFO 11244 --- [http-nio-8080-exec-9] c.m.p.controller.CategoryController      : name: Web Programming
2020-12-14 15:11:17.945  INFO 11244 --- [http-nio-8080-exec-9] c.m.p.controller.BooksService            : returning book list of: 0 items.
2020-12-14 15:11:17.979  INFO 11244 --- [http-nio-8080-exec-9] c.m.p.controller.BooksService            : books added: 8
2020-12-14 15:11:19.871  INFO 11244 --- [http-nio-8080-exec-4] c.m.p.controller.ProductController       : isbn: 9789144126739
2020-12-14 15:11:19.871  INFO 11244 --- [http-nio-8080-exec-4] c.m.p.controller.BooksService            : returning book list of: 8 items.
2020-12-14 15:11:19.872  INFO 11244 --- [http-nio-8080-exec-4] c.m.p.controller.BooksService            : books added: 16
2020-12-14 15:11:19.872  INFO 11244 --- [http-nio-8080-exec-4] c.m.p.controller.BooksService            : item found: Book(id=null, isbn=9789144126739, title=Ingenjörens guide till Python, year=2019, price=366.0, coAuthors=[], author=Author(id=null, name=Jonas Lindemann, title=[]), categories=[Category(id=null, name=Python)], description=Bokens utgångspunkt är ingenjörens behov av programmering för att lösa problem. Steg för steg byggs läsarens kunskaper upp i Python-programmering. Mot slutet av boken kommer läsaren att ha grundläggande kunskaper i utveckling av Python-program för lösning av numeriska problem, grundläggande visualisering av data samt att skapa grafiska gränssnitt för användare. Alla koncept som beskrivs i boken illustreras med en stor mängd körbara exempel. Ingenjörens guide till Python innehåller också en mängd övningsuppgifter att göra på egen hand. Till boken finns en hemsida där all källkod från boken finns tillgänglig att ladda ner och köra. Boken är avsedd som en introduktion till programmering med Python för ingenjörer, men kan även med fördel användas för praktiserande ingenjörer som vill lära sig mer om hur Python kan användas som alternativ till klassiska verktyg som exempelvis MATLAB., image=Image(filepath=/images/ingenjorens-guide-till-python.jpg))
2020-12-14 15:11:19.872  INFO 11244 --- [http-nio-8080-exec-4] c.m.p.controller.ProductController       : book found: Book(id=null, isbn=9789144126739, title=Ingenjörens guide till Python, year=2019, price=366.0, coAuthors=[], author=Author(id=null, name=Jonas Lindemann, title=[]), categories=[Category(id=null, name=Python)], description=Bokens utgångspunkt är ingenjörens behov av programmering för att lösa problem. Steg för steg byggs läsarens kunskaper upp i Python-programmering. Mot slutet av boken kommer läsaren att ha grundläggande kunskaper i utveckling av Python-program för lösning av numeriska problem, grundläggande visualisering av data samt att skapa grafiska gränssnitt för användare. Alla koncept som beskrivs i boken illustreras med en stor mängd körbara exempel. Ingenjörens guide till Python innehåller också en mängd övningsuppgifter att göra på egen hand. Till boken finns en hemsida där all källkod från boken finns tillgänglig att ladda ner och köra. Boken är avsedd som en introduktion till programmering med Python för ingenjörer, men kan även med fördel användas för praktiserande ingenjörer som vill lära sig mer om hur Python kan användas som alternativ till klassiska verktyg som exempelvis MATLAB., image=Image(filepath=/images/ingenjorens-guide-till-python.jpg))
2020-12-14 15:11:19.872  INFO 11244 --- [http-nio-8080-exec-4] c.m.p.controller.ProductController       : got: Ingenjörens guide till Python
2020-12-14 15:11:21.883  INFO 11244 --- [http-nio-8080-exec-7] c.m.p.controller.CheckoutController      : in first checkout
2020-12-14 15:11:28.583  INFO 11244 --- [http-nio-8080-exec-1] c.m.p.controller.CheckoutController      : user firstname: Ivan
2020-12-14 15:18:39.654  INFO 11244 --- [http-nio-8080-exec-9] c.m.p.controller.LoginController         : in login controller
2020-12-14 15:18:45.088  INFO 11244 --- [http-nio-8080-exec-2] c.m.p.controller.LoginController         : user: admin
2020-12-14 15:18:45.088  INFO 11244 --- [http-nio-8080-exec-2] c.m.p.controller.LoginController         : password: admin
2020-12-14 15:18:50.444  INFO 11244 --- [http-nio-8080-exec-9] c.m.p.controller.CategoryController      : name: Design Patterns
2020-12-14 15:18:50.445  INFO 11244 --- [http-nio-8080-exec-9] c.m.p.controller.BooksService            : returning book list of: 16 items.
2020-12-14 15:18:50.445  INFO 11244 --- [http-nio-8080-exec-9] c.m.p.controller.BooksService            : books added: 24
2020-12-14 15:19:06.209  INFO 11244 --- [Thread-5] o.s.s.concurrent.ThreadPoolTaskExecutor  : Shutting down ExecutorService 'applicationTaskExecutor'
2020-12-14 15:19:06.997  INFO 11244 --- [restartedMain] c.m.p.PresentationLayerApplication       : Starting PresentationLayerApplication using Java 15 on macpro.local with PID 11244 (/Users/garrido/springSTS4/spring-mvc/PresentationLayer/target/classes started by garrido in /Users/garrido/springSTS4/spring-mvc/PresentationLayer)
2020-12-14 15:19:06.998  INFO 11244 --- [restartedMain] c.m.p.PresentationLayerApplication       : No active profile set, falling back to default profiles: default
2020-12-14 15:19:07.690  INFO 11244 --- [restartedMain] o.s.b.w.embedded.tomcat.TomcatWebServer  : Tomcat initialized with port(s): 8080 (http)
2020-12-14 15:19:07.692  INFO 11244 --- [restartedMain] o.apache.catalina.core.StandardService   : Starting service [Tomcat]
2020-12-14 15:19:07.692  INFO 11244 --- [restartedMain] org.apache.catalina.core.StandardEngine  : Starting Servlet engine: [Apache Tomcat/9.0.39]
2020-12-14 15:19:07.713  INFO 11244 --- [restartedMain] o.a.c.c.C.[Tomcat].[localhost].[/]       : Initializing Spring embedded WebApplicationContext
2020-12-14 15:19:07.714  INFO 11244 --- [restartedMain] w.s.c.ServletWebServerApplicationContext : Root WebApplicationContext: initialization completed in 711 ms
2020-12-14 15:19:08.010  INFO 11244 --- [restartedMain] c.m.p.security.SpringSecurityConfig      : ______now in global config
2020-12-14 15:19:08.137  INFO 11244 --- [restartedMain] o.s.s.concurrent.ThreadPoolTaskExecutor  : Initializing ExecutorService 'applicationTaskExecutor'
2020-12-14 15:19:08.167  INFO 11244 --- [restartedMain] o.s.b.a.w.s.WelcomePageHandlerMapping    : Adding welcome page template: index
2020-12-14 15:19:08.258  INFO 11244 --- [restartedMain] c.m.p.security.SpringSecurityConfig      : ______now in configure.
2020-12-14 15:19:08.278  INFO 11244 --- [restartedMain] o.s.s.web.DefaultSecurityFilterChain     : Will secure any request with [org.springframework.security.web.context.request.async.WebAsyncManagerIntegrationFilter@56d5411e, org.springframework.security.web.context.SecurityContextPersistenceFilter@191d3963, org.springframework.security.web.header.HeaderWriterFilter@5c1a9d7d, org.springframework.security.web.csrf.CsrfFilter@71d87708, org.springframework.security.web.authentication.logout.LogoutFilter@3a0a685b, org.springframework.security.web.authentication.UsernamePasswordAuthenticationFilter@35619deb, org.springframework.security.web.savedrequest.RequestCacheAwareFilter@1293462d, org.springframework.security.web.servletapi.SecurityContextHolderAwareRequestFilter@1aeac077, org.springframework.security.web.authentication.AnonymousAuthenticationFilter@3acfff7c, org.springframework.security.web.session.SessionManagementFilter@2bcf7b25, org.springframework.security.web.access.ExceptionTranslationFilter@41495994, org.springframework.security.web.access.intercept.FilterSecurityInterceptor@24611450]
2020-12-14 15:19:08.292  INFO 11244 --- [restartedMain] o.s.b.d.a.OptionalLiveReloadServer       : LiveReload server is running on port 35729
2020-12-14 15:19:08.310  INFO 11244 --- [restartedMain] o.s.b.w.embedded.tomcat.TomcatWebServer  : Tomcat started on port(s): 8080 (http) with context path ''
2020-12-14 15:19:08.325  INFO 11244 --- [restartedMain] c.m.p.PresentationLayerApplication       : Started PresentationLayerApplication in 1.723 seconds (JVM running for 834.014)
2020-12-14 15:19:08.329  INFO 11244 --- [restartedMain] .ConditionEvaluationDeltaLoggingListener : Condition evaluation unchanged
2020-12-14 15:19:08.930  INFO 11244 --- [http-nio-8080-exec-1] o.a.c.c.C.[Tomcat].[localhost].[/]       : Initializing Spring DispatcherServlet 'dispatcherServlet'
2020-12-14 15:19:08.930  INFO 11244 --- [http-nio-8080-exec-1] o.s.web.servlet.DispatcherServlet        : Initializing Servlet 'dispatcherServlet'
2020-12-14 15:19:08.931  INFO 11244 --- [http-nio-8080-exec-1] o.s.web.servlet.DispatcherServlet        : Completed initialization in 1 ms
2020-12-14 15:19:15.070  INFO 11244 --- [Thread-8] o.s.s.concurrent.ThreadPoolTaskExecutor  : Shutting down ExecutorService 'applicationTaskExecutor'
2020-12-14 15:19:15.224  INFO 11244 --- [restartedMain] c.m.p.PresentationLayerApplication       : Starting PresentationLayerApplication using Java 15 on macpro.local with PID 11244 (/Users/garrido/springSTS4/spring-mvc/PresentationLayer/target/classes started by garrido in /Users/garrido/springSTS4/spring-mvc/PresentationLayer)
2020-12-14 15:19:15.231  INFO 11244 --- [restartedMain] c.m.p.PresentationLayerApplication       : No active profile set, falling back to default profiles: default
2020-12-14 15:19:15.596  INFO 11244 --- [restartedMain] o.s.b.w.embedded.tomcat.TomcatWebServer  : Tomcat initialized with port(s): 8080 (http)
2020-12-14 15:19:15.599  INFO 11244 --- [restartedMain] o.apache.catalina.core.StandardService   : Starting service [Tomcat]
2020-12-14 15:19:15.599  INFO 11244 --- [restartedMain] org.apache.catalina.core.StandardEngine  : Starting Servlet engine: [Apache Tomcat/9.0.39]
2020-12-14 15:19:15.611  INFO 11244 --- [restartedMain] o.a.c.c.C.[Tomcat].[localhost].[/]       : Initializing Spring embedded WebApplicationContext
2020-12-14 15:19:15.613  INFO 11244 --- [restartedMain] w.s.c.ServletWebServerApplicationContext : Root WebApplicationContext: initialization completed in 328 ms
2020-12-14 15:19:15.664  INFO 11244 --- [restartedMain] c.m.p.security.SpringSecurityConfig      : ______now in global config
2020-12-14 15:19:15.727  INFO 11244 --- [restartedMain] o.s.s.concurrent.ThreadPoolTaskExecutor  : Initializing ExecutorService 'applicationTaskExecutor'
2020-12-14 15:19:15.758  INFO 11244 --- [restartedMain] o.s.b.a.w.s.WelcomePageHandlerMapping    : Adding welcome page template: index
2020-12-14 15:19:15.845  INFO 11244 --- [restartedMain] c.m.p.security.SpringSecurityConfig      : ______now in configure.
2020-12-14 15:19:15.849  INFO 11244 --- [restartedMain] o.s.s.web.DefaultSecurityFilterChain     : Will secure any request with [org.springframework.security.web.context.request.async.WebAsyncManagerIntegrationFilter@42be859c, org.springframework.security.web.context.SecurityContextPersistenceFilter@64fd88f0, org.springframework.security.web.header.HeaderWriterFilter@70ddce72, org.springframework.security.web.csrf.CsrfFilter@736dd936, org.springframework.security.web.authentication.logout.LogoutFilter@6db073d8, org.springframework.security.web.authentication.UsernamePasswordAuthenticationFilter@5c995a56, org.springframework.security.web.savedrequest.RequestCacheAwareFilter@20f9cc1f, org.springframework.security.web.servletapi.SecurityContextHolderAwareRequestFilter@3e49282c, org.springframework.security.web.authentication.AnonymousAuthenticationFilter@36017723, org.springframework.security.web.session.SessionManagementFilter@79c45a97, org.springframework.security.web.access.ExceptionTranslationFilter@7e8748f8, org.springframework.security.web.access.intercept.FilterSecurityInterceptor@40b00359]
2020-12-14 15:19:15.915  INFO 11244 --- [restartedMain] o.s.b.d.a.OptionalLiveReloadServer       : LiveReload server is running on port 35729
2020-12-14 15:19:15.931  INFO 11244 --- [restartedMain] o.s.b.w.embedded.tomcat.TomcatWebServer  : Tomcat started on port(s): 8080 (http) with context path ''
2020-12-14 15:19:15.952  INFO 11244 --- [restartedMain] c.m.p.PresentationLayerApplication       : Started PresentationLayerApplication in 0.762 seconds (JVM running for 841.642)
2020-12-14 15:19:15.957  INFO 11244 --- [restartedMain] .ConditionEvaluationDeltaLoggingListener : Condition evaluation unchanged
2020-12-14 15:24:10.443  INFO 11244 --- [RMI TCP Connection(32)-127.0.0.1] inMXBeanRegistrar$SpringApplicationAdmin : Application shutdown requested.
2020-12-14 15:24:10.503  INFO 11244 --- [RMI TCP Connection(32)-127.0.0.1] o.s.s.concurrent.ThreadPoolTaskExecutor  : Shutting down ExecutorService 'applicationTaskExecutor'
